<?xml version="1.0" encoding="UTF-8"?>
<testng-results skipped="0" failed="0" ignored="0" total="1" passed="1">
  <reporter-output>
  </reporter-output>
  <suite name="Surefire suite" duration-ms="25704" started-at="2019-01-30T18:12:58Z" finished-at="2019-01-30T18:13:24Z">
    <groups>
    </groups>
    <test name="Surefire test" duration-ms="25704" started-at="2019-01-30T18:12:58Z" finished-at="2019-01-30T18:13:24Z">
      <class name="tests.mobile_test.MobileNegativeLogin">
        <test-method status="PASS" signature="testMobileNegativeLogin()[pri:0, instance:tests.mobile_test.MobileNegativeLogin@1af1347d]" name="testMobileNegativeLogin" duration-ms="25251" started-at="2019-01-30T18:12:58Z" finished-at="2019-01-30T18:13:23Z">
          <reporter-output>
          </reporter-output>
        </test-method> <!-- testMobileNegativeLogin -->
      </class> <!-- tests.mobile_test.MobileNegativeLogin -->
    </test> <!-- Surefire test -->
  </suite> <!-- Surefire suite -->
</testng-results>
